2026-05-13T12:20:02.177+05:30  INFO 19228 --- [main] rocessingandmanagementserviceApplication : Starting TradefileprocessingandmanagementserviceApplication using Java 17.0.15 with PID 19228 (C:\Users\sushanth.hp\Downloads\tradefileprocessingandmanagementservice\tradefileprocessing\api-module\target\classes started by sushanth.hp in C:\Users\sushanth.hp\Downloads\tradefileprocessingandmanagementservice\tradefileprocessing)
2026-05-13T12:20:02.191+05:30  INFO 19228 --- [main] rocessingandmanagementserviceApplication : No active profile set, falling back to 1 default profile: "default"
2026-05-13T12:20:03.753+05:30  INFO 19228 --- [main] .s.d.r.c.RepositoryConfigurationDelegate : Bootstrapping Spring Data JPA repositories in DEFAULT mode.
2026-05-13T12:20:03.874+05:30  INFO 19228 --- [main] .s.d.r.c.RepositoryConfigurationDelegate : Finished Spring Data repository scanning in 109 ms. Found 5 JPA repository interfaces.
2026-05-13T12:20:04.808+05:30  INFO 19228 --- [main] o.s.b.w.embedded.tomcat.TomcatWebServer  : Tomcat initialized with port(s): 8080 (http)
2026-05-13T12:20:04.817+05:30  INFO 19228 --- [main] o.apache.catalina.core.StandardService   : Starting service [Tomcat]
2026-05-13T12:20:04.817+05:30  INFO 19228 --- [main] o.apache.catalina.core.StandardEngine    : Starting Servlet engine: [Apache Tomcat/10.1.15]
2026-05-13T12:20:04.976+05:30  INFO 19228 --- [main] o.a.c.c.C.[Tomcat].[localhost].[/]       : Initializing Spring embedded WebApplicationContext
2026-05-13T12:20:04.976+05:30  INFO 19228 --- [main] w.s.c.ServletWebServerApplicationContext : Root WebApplicationContext: initialization completed in 2693 ms
2026-05-13T12:20:05.329+05:30  INFO 19228 --- [main] o.hibernate.jpa.internal.util.LogHelper  : HHH000204: Processing PersistenceUnitInfo [name: default]
2026-05-13T12:20:05.430+05:30  INFO 19228 --- [main] org.hibernate.Version                    : HHH000412: Hibernate ORM core version 6.2.13.Final
2026-05-13T12:20:05.430+05:30  INFO 19228 --- [main] org.hibernate.cfg.Environment            : HHH000406: Using bytecode reflection optimizer
2026-05-13T12:20:05.847+05:30  INFO 19228 --- [main] o.s.o.j.p.SpringPersistenceUnitInfo      : No LoadTimeWeaver setup: ignoring JPA class transformer
2026-05-13T12:20:05.888+05:30  INFO 19228 --- [main] com.zaxxer.hikari.HikariDataSource       : HikariPool-1 - Starting...
2026-05-13T12:20:06.149+05:30  INFO 19228 --- [main] com.zaxxer.hikari.pool.HikariPool        : HikariPool-1 - Added connection org.postgresql.jdbc.PgConnection@10f20d38
2026-05-13T12:20:06.150+05:30  INFO 19228 --- [main] com.zaxxer.hikari.HikariDataSource       : HikariPool-1 - Start completed.
2026-05-13T12:20:06.198+05:30  WARN 19228 --- [main] org.hibernate.orm.deprecation            : HHH90000025: PostgreSQLDialect does not need to be specified explicitly using 'hibernate.dialect' (remove the property setting and it will be selected by default)
2026-05-13T12:20:07.299+05:30  INFO 19228 --- [main] o.h.e.t.j.p.i.JtaPlatformInitiator       : HHH000489: No JTA platform available (set 'hibernate.transaction.jta.platform' to enable JTA platform integration)
2026-05-13T12:20:07.378+05:30  INFO 19228 --- [main] j.LocalContainerEntityManagerFactoryBean : Initialized JPA EntityManagerFactory for persistence unit 'default'
2026-05-13T12:20:07.854+05:30  INFO 19228 --- [main] o.s.d.j.r.query.QueryEnhancerFactory     : Hibernate is in classpath; If applicable, HQL parser will be used.
2026-05-13T12:20:08.454+05:30  INFO 19228 --- [main] com.mphasis.tfp.batch.config.JobConfig   : Configuring batch step with chunk size: 100 and skip limit: 10
2026-05-13T12:20:08.660+05:30  WARN 19228 --- [main] JpaBaseConfiguration$JpaWebConfiguration : spring.jpa.open-in-view is enabled by default. Therefore, database queries may be performed during view rendering. Explicitly configure spring.jpa.open-in-view to disable this warning
2026-05-13T12:20:09.241+05:30  INFO 19228 --- [main] o.s.b.a.e.web.EndpointLinksResolver      : Exposing 1 endpoint(s) beneath base path '/actuator'
2026-05-13T12:20:09.345+05:30  INFO 19228 --- [main] o.s.b.w.embedded.tomcat.TomcatWebServer  : Tomcat started on port(s): 8080 (http) with context path ''
2026-05-13T12:20:09.363+05:30  INFO 19228 --- [main] rocessingandmanagementserviceApplication : Started TradefileprocessingandmanagementserviceApplication in 7.831 seconds (process running for 8.518)
2026-05-13T12:20:19.415+05:30  INFO 19228 --- [http-nio-8080-exec-1] o.a.c.c.C.[Tomcat].[localhost].[/]       : Initializing Spring DispatcherServlet 'dispatcherServlet'
2026-05-13T12:20:19.417+05:30  INFO 19228 --- [http-nio-8080-exec-1] o.s.web.servlet.DispatcherServlet        : Initializing Servlet 'dispatcherServlet'
2026-05-13T12:20:19.419+05:30  INFO 19228 --- [http-nio-8080-exec-1] o.s.web.servlet.DispatcherServlet        : Completed initialization in 2 ms
2026-05-13T12:20:20.928+05:30  INFO 19228 --- [http-nio-8080-exec-8] o.springdoc.api.AbstractOpenApiResource  : Init duration for springdoc-openapi is: 702 ms
2026-05-13T12:22:37.429+05:30  INFO 19228 --- [http-nio-8080-exec-5] c.m.t.c.AuthenticationControllerImpl     : API: Register request for username: sush987
2026-05-13T12:22:37.429+05:30  INFO 19228 --- [http-nio-8080-exec-5] c.m.tfp.servicesimpl.UserServiceImpl     : Register request received for username: sush987
2026-05-13T12:22:37.529+05:30 DEBUG 19228 --- [http-nio-8080-exec-5] org.hibernate.SQL                        : 
    select
        u1_0.id 
    from
        users u1_0 
    where
        u1_0.username=? 
    fetch
        first ? rows only
2026-05-13T12:22:37.547+05:30 DEBUG 19228 --- [http-nio-8080-exec-5] org.hibernate.SQL                        : 
    select
        u1_0.id 
    from
        users u1_0 
    where
        u1_0.email=? 
    fetch
        first ? rows only
2026-05-13T12:22:37.579+05:30 DEBUG 19228 --- [http-nio-8080-exec-5] org.hibernate.SQL                        : 
    insert 
    into
        users
        (email,first_name,last_name,password,username) 
    values
        (?,?,?,?,?)
2026-05-13T12:22:37.612+05:30  INFO 19228 --- [http-nio-8080-exec-5] c.m.tfp.servicesimpl.UserServiceImpl     : User registered successfully: sush987
2026-05-13T12:24:26.978+05:30  INFO 19228 --- [SpringApplicationShutdownHook] j.LocalContainerEntityManagerFactoryBean : Closing JPA EntityManagerFactory for persistence unit 'default'
2026-05-13T12:24:26.984+05:30  INFO 19228 --- [SpringApplicationShutdownHook] com.zaxxer.hikari.HikariDataSource       : HikariPool-1 - Shutdown initiated...
2026-05-13T12:24:26.986+05:30  INFO 19228 --- [SpringApplicationShutdownHook] com.zaxxer.hikari.HikariDataSource       : HikariPool-1 - Shutdown completed.
2026-05-13T12:39:07.235+05:30  INFO 13252 --- [main] rocessingandmanagementserviceApplication : Starting TradefileprocessingandmanagementserviceApplication using Java 17.0.15 with PID 13252 (C:\Users\sushanth.hp\Downloads\tradefileprocessingandmanagementservice\tradefileprocessing\api-module\target\classes started by sushanth.hp in C:\Users\sushanth.hp\Downloads\tradefileprocessingandmanagementservice\tradefileprocessing)
2026-05-13T12:39:07.237+05:30  INFO 13252 --- [main] rocessingandmanagementserviceApplication : No active profile set, falling back to 1 default profile: "default"
2026-05-13T12:39:08.615+05:30  INFO 13252 --- [main] .s.d.r.c.RepositoryConfigurationDelegate : Bootstrapping Spring Data JPA repositories in DEFAULT mode.
2026-05-13T12:39:08.709+05:30  INFO 13252 --- [main] .s.d.r.c.RepositoryConfigurationDelegate : Finished Spring Data repository scanning in 85 ms. Found 5 JPA repository interfaces.
2026-05-13T12:39:09.449+05:30  INFO 13252 --- [main] o.s.b.w.embedded.tomcat.TomcatWebServer  : Tomcat initialized with port(s): 8080 (http)
2026-05-13T12:39:09.463+05:30  INFO 13252 --- [main] o.apache.catalina.core.StandardService   : Starting service [Tomcat]
2026-05-13T12:39:09.463+05:30  INFO 13252 --- [main] o.apache.catalina.core.StandardEngine    : Starting Servlet engine: [Apache Tomcat/10.1.15]
2026-05-13T12:39:09.604+05:30  INFO 13252 --- [main] o.a.c.c.C.[Tomcat].[localhost].[/]       : Initializing Spring embedded WebApplicationContext
2026-05-13T12:39:09.604+05:30  INFO 13252 --- [main] w.s.c.ServletWebServerApplicationContext : Root WebApplicationContext: initialization completed in 2304 ms
2026-05-13T12:39:09.967+05:30  INFO 13252 --- [main] o.hibernate.jpa.internal.util.LogHelper  : HHH000204: Processing PersistenceUnitInfo [name: default]
2026-05-13T12:39:10.049+05:30  INFO 13252 --- [main] org.hibernate.Version                    : HHH000412: Hibernate ORM core version 6.2.13.Final
2026-05-13T12:39:10.049+05:30  INFO 13252 --- [main] org.hibernate.cfg.Environment            : HHH000406: Using bytecode reflection optimizer
2026-05-13T12:39:10.474+05:30  INFO 13252 --- [main] o.s.o.j.p.SpringPersistenceUnitInfo      : No LoadTimeWeaver setup: ignoring JPA class transformer
2026-05-13T12:39:10.519+05:30  INFO 13252 --- [main] com.zaxxer.hikari.HikariDataSource       : HikariPool-1 - Starting...
2026-05-13T12:39:10.786+05:30  INFO 13252 --- [main] com.zaxxer.hikari.pool.HikariPool        : HikariPool-1 - Added connection org.postgresql.jdbc.PgConnection@580ffea
2026-05-13T12:39:10.786+05:30  INFO 13252 --- [main] com.zaxxer.hikari.HikariDataSource       : HikariPool-1 - Start completed.
2026-05-13T12:39:10.818+05:30  WARN 13252 --- [main] org.hibernate.orm.deprecation            : HHH90000025: PostgreSQLDialect does not need to be specified explicitly using 'hibernate.dialect' (remove the property setting and it will be selected by default)
2026-05-13T12:39:11.863+05:30  INFO 13252 --- [main] o.h.e.t.j.p.i.JtaPlatformInitiator       : HHH000489: No JTA platform available (set 'hibernate.transaction.jta.platform' to enable JTA platform integration)
2026-05-13T12:39:11.914+05:30  INFO 13252 --- [main] j.LocalContainerEntityManagerFactoryBean : Initialized JPA EntityManagerFactory for persistence unit 'default'
2026-05-13T12:39:12.339+05:30  INFO 13252 --- [main] o.s.d.j.r.query.QueryEnhancerFactory     : Hibernate is in classpath; If applicable, HQL parser will be used.
2026-05-13T12:39:12.989+05:30  INFO 13252 --- [main] com.mphasis.tfp.batch.config.JobConfig   : Configuring batch step with chunk size: 100 and skip limit: 10
2026-05-13T12:39:13.205+05:30  WARN 13252 --- [main] JpaBaseConfiguration$JpaWebConfiguration : spring.jpa.open-in-view is enabled by default. Therefore, database queries may be performed during view rendering. Explicitly configure spring.jpa.open-in-view to disable this warning
2026-05-13T12:39:13.780+05:30  INFO 13252 --- [main] o.s.b.a.e.web.EndpointLinksResolver      : Exposing 1 endpoint(s) beneath base path '/actuator'
2026-05-13T12:39:13.906+05:30  INFO 13252 --- [main] o.s.b.w.embedded.tomcat.TomcatWebServer  : Tomcat started on port(s): 8080 (http) with context path ''
2026-05-13T12:39:13.924+05:30  INFO 13252 --- [main] rocessingandmanagementserviceApplication : Started TradefileprocessingandmanagementserviceApplication in 7.266 seconds (process running for 7.855)
2026-05-13T12:39:15.550+05:30  INFO 13252 --- [SpringApplicationShutdownHook] j.LocalContainerEntityManagerFactoryBean : Closing JPA EntityManagerFactory for persistence unit 'default'
2026-05-13T12:39:15.553+05:30  INFO 13252 --- [SpringApplicationShutdownHook] com.zaxxer.hikari.HikariDataSource       : HikariPool-1 - Shutdown initiated...
2026-05-13T12:39:15.553+05:30  INFO 13252 --- [SpringApplicationShutdownHook] com.zaxxer.hikari.HikariDataSource       : HikariPool-1 - Shutdown completed.
2026-05-13T12:39:25.715+05:30  INFO 6104 --- [main] rocessingandmanagementserviceApplication : Starting TradefileprocessingandmanagementserviceApplication using Java 17.0.15 with PID 6104 (C:\Users\sushanth.hp\Downloads\tradefileprocessingandmanagementservice\tradefileprocessing\api-module\target\classes started by sushanth.hp in C:\Users\sushanth.hp\Downloads\tradefileprocessingandmanagementservice\tradefileprocessing)
2026-05-13T12:39:25.715+05:30  INFO 6104 --- [main] rocessingandmanagementserviceApplication : No active profile set, falling back to 1 default profile: "default"
2026-05-13T12:39:27.178+05:30  INFO 6104 --- [main] .s.d.r.c.RepositoryConfigurationDelegate : Bootstrapping Spring Data JPA repositories in DEFAULT mode.
2026-05-13T12:39:27.295+05:30  INFO 6104 --- [main] .s.d.r.c.RepositoryConfigurationDelegate : Finished Spring Data repository scanning in 94 ms. Found 5 JPA repository interfaces.
2026-05-13T12:39:28.031+05:30  INFO 6104 --- [main] o.s.b.w.embedded.tomcat.TomcatWebServer  : Tomcat initialized with port(s): 8080 (http)
2026-05-13T12:39:28.035+05:30  INFO 6104 --- [main] o.apache.catalina.core.StandardService   : Starting service [Tomcat]
2026-05-13T12:39:28.035+05:30  INFO 6104 --- [main] o.apache.catalina.core.StandardEngine    : Starting Servlet engine: [Apache Tomcat/10.1.15]
2026-05-13T12:39:28.178+05:30  INFO 6104 --- [main] o.a.c.c.C.[Tomcat].[localhost].[/]       : Initializing Spring embedded WebApplicationContext
2026-05-13T12:39:28.178+05:30  INFO 6104 --- [main] w.s.c.ServletWebServerApplicationContext : Root WebApplicationContext: initialization completed in 2388 ms
2026-05-13T12:39:28.510+05:30  INFO 6104 --- [main] o.hibernate.jpa.internal.util.LogHelper  : HHH000204: Processing PersistenceUnitInfo [name: default]
2026-05-13T12:39:28.639+05:30  INFO 6104 --- [main] org.hibernate.Version                    : HHH000412: Hibernate ORM core version 6.2.13.Final
2026-05-13T12:39:28.641+05:30  INFO 6104 --- [main] org.hibernate.cfg.Environment            : HHH000406: Using bytecode reflection optimizer
2026-05-13T12:39:29.018+05:30  INFO 6104 --- [main] o.s.o.j.p.SpringPersistenceUnitInfo      : No LoadTimeWeaver setup: ignoring JPA class transformer
2026-05-13T12:39:29.049+05:30  INFO 6104 --- [main] com.zaxxer.hikari.HikariDataSource       : HikariPool-1 - Starting...
2026-05-13T12:39:29.398+05:30  INFO 6104 --- [main] com.zaxxer.hikari.pool.HikariPool        : HikariPool-1 - Added connection org.postgresql.jdbc.PgConnection@580ffea
2026-05-13T12:39:29.414+05:30  INFO 6104 --- [main] com.zaxxer.hikari.HikariDataSource       : HikariPool-1 - Start completed.
2026-05-13T12:39:29.446+05:30  WARN 6104 --- [main] org.hibernate.orm.deprecation            : HHH90000025: PostgreSQLDialect does not need to be specified explicitly using 'hibernate.dialect' (remove the property setting and it will be selected by default)
2026-05-13T12:39:30.506+05:30  INFO 6104 --- [main] o.h.e.t.j.p.i.JtaPlatformInitiator       : HHH000489: No JTA platform available (set 'hibernate.transaction.jta.platform' to enable JTA platform integration)
2026-05-13T12:39:30.554+05:30  INFO 6104 --- [main] j.LocalContainerEntityManagerFactoryBean : Initialized JPA EntityManagerFactory for persistence unit 'default'
2026-05-13T12:39:31.001+05:30  INFO 6104 --- [main] o.s.d.j.r.query.QueryEnhancerFactory     : Hibernate is in classpath; If applicable, HQL parser will be used.
2026-05-13T12:39:31.619+05:30  INFO 6104 --- [main] com.mphasis.tfp.batch.config.JobConfig   : Configuring batch step with chunk size: 100 and skip limit: 10
2026-05-13T12:39:31.810+05:30  WARN 6104 --- [main] JpaBaseConfiguration$JpaWebConfiguration : spring.jpa.open-in-view is enabled by default. Therefore, database queries may be performed during view rendering. Explicitly configure spring.jpa.open-in-view to disable this warning
2026-05-13T12:39:32.397+05:30  INFO 6104 --- [main] o.s.b.a.e.web.EndpointLinksResolver      : Exposing 1 endpoint(s) beneath base path '/actuator'
2026-05-13T12:39:32.495+05:30  INFO 6104 --- [main] o.s.b.w.embedded.tomcat.TomcatWebServer  : Tomcat started on port(s): 8080 (http) with context path ''
2026-05-13T12:39:32.508+05:30  INFO 6104 --- [main] rocessingandmanagementserviceApplication : Started TradefileprocessingandmanagementserviceApplication in 7.394 seconds (process running for 7.96)
2026-05-13T12:39:59.553+05:30  INFO 6104 --- [http-nio-8080-exec-1] o.a.c.c.C.[Tomcat].[localhost].[/]       : Initializing Spring DispatcherServlet 'dispatcherServlet'
2026-05-13T12:39:59.553+05:30  INFO 6104 --- [http-nio-8080-exec-1] o.s.web.servlet.DispatcherServlet        : Initializing Servlet 'dispatcherServlet'
2026-05-13T12:39:59.553+05:30  INFO 6104 --- [http-nio-8080-exec-1] o.s.web.servlet.DispatcherServlet        : Completed initialization in 0 ms
2026-05-13T12:40:00.649+05:30  INFO 6104 --- [http-nio-8080-exec-5] o.springdoc.api.AbstractOpenApiResource  : Init duration for springdoc-openapi is: 782 ms
2026-05-13T12:41:46.782+05:30  INFO 6104 --- [http-nio-8080-exec-2] c.m.t.c.AuthenticationControllerImpl     : API: Login request for username: sush987
2026-05-13T12:41:46.782+05:30  INFO 6104 --- [http-nio-8080-exec-2] c.m.tfp.servicesimpl.UserServiceImpl     : Login request received for username: sush987
2026-05-13T12:41:46.865+05:30 DEBUG 6104 --- [http-nio-8080-exec-2] org.hibernate.SQL                        : 
    select
        u1_0.id,
        u1_0.email,
        u1_0.first_name,
        u1_0.last_name,
        u1_0.password,
        u1_0.username 
    from
        users u1_0 
    where
        u1_0.username=?
2026-05-13T12:41:46.882+05:30  INFO 6104 --- [http-nio-8080-exec-2] c.m.tfp.servicesimpl.UserServiceImpl     : User logged in successfully: sush987
2026-05-13T12:41:46.882+05:30  INFO 6104 --- [http-nio-8080-exec-2] c.m.t.c.AuthenticationControllerImpl     : Session created for user: sush987
2026-05-13T12:45:02.423+05:30  INFO 6104 --- [SpringApplicationShutdownHook] j.LocalContainerEntityManagerFactoryBean : Closing JPA EntityManagerFactory for persistence unit 'default'
2026-05-13T12:45:02.423+05:30  INFO 6104 --- [SpringApplicationShutdownHook] com.zaxxer.hikari.HikariDataSource       : HikariPool-1 - Shutdown initiated...
2026-05-13T12:45:02.439+05:30  INFO 6104 --- [SpringApplicationShutdownHook] com.zaxxer.hikari.HikariDataSource       : HikariPool-1 - Shutdown completed.
2026-05-13T12:52:22.858+05:30  INFO 22540 --- [main] rocessingandmanagementserviceApplication : Starting TradefileprocessingandmanagementserviceApplication using Java 17.0.15 with PID 22540 (C:\Users\sushanth.hp\Downloads\tradefileprocessingandmanagementservice\tradefileprocessing\api-module\target\classes started by sushanth.hp in C:\Users\sushanth.hp\Downloads\tradefileprocessingandmanagementservice\tradefileprocessing)
2026-05-13T12:52:22.858+05:30  INFO 22540 --- [main] rocessingandmanagementserviceApplication : No active profile set, falling back to 1 default profile: "default"
2026-05-13T12:52:24.195+05:30  INFO 22540 --- [main] .s.d.r.c.RepositoryConfigurationDelegate : Bootstrapping Spring Data JPA repositories in DEFAULT mode.
2026-05-13T12:52:24.291+05:30  INFO 22540 --- [main] .s.d.r.c.RepositoryConfigurationDelegate : Finished Spring Data repository scanning in 88 ms. Found 5 JPA repository interfaces.
2026-05-13T12:52:25.019+05:30  INFO 22540 --- [main] o.s.b.w.embedded.tomcat.TomcatWebServer  : Tomcat initialized with port(s): 8080 (http)
2026-05-13T12:52:25.035+05:30  INFO 22540 --- [main] o.apache.catalina.core.StandardService   : Starting service [Tomcat]
2026-05-13T12:52:25.035+05:30  INFO 22540 --- [main] o.apache.catalina.core.StandardEngine    : Starting Servlet engine: [Apache Tomcat/10.1.15]
2026-05-13T12:52:25.194+05:30  INFO 22540 --- [main] o.a.c.c.C.[Tomcat].[localhost].[/]       : Initializing Spring embedded WebApplicationContext
2026-05-13T12:52:25.194+05:30  INFO 22540 --- [main] w.s.c.ServletWebServerApplicationContext : Root WebApplicationContext: initialization completed in 2264 ms
2026-05-13T12:52:25.498+05:30  INFO 22540 --- [main] o.hibernate.jpa.internal.util.LogHelper  : HHH000204: Processing PersistenceUnitInfo [name: default]
2026-05-13T12:52:25.575+05:30  INFO 22540 --- [main] org.hibernate.Version                    : HHH000412: Hibernate ORM core version 6.2.13.Final
2026-05-13T12:52:25.591+05:30  INFO 22540 --- [main] org.hibernate.cfg.Environment            : HHH000406: Using bytecode reflection optimizer
2026-05-13T12:52:25.974+05:30  INFO 22540 --- [main] o.s.o.j.p.SpringPersistenceUnitInfo      : No LoadTimeWeaver setup: ignoring JPA class transformer
2026-05-13T12:52:26.004+05:30  INFO 22540 --- [main] com.zaxxer.hikari.HikariDataSource       : HikariPool-1 - Starting...
2026-05-13T12:52:26.227+05:30  INFO 22540 --- [main] com.zaxxer.hikari.pool.HikariPool        : HikariPool-1 - Added connection org.postgresql.jdbc.PgConnection@f76872f
2026-05-13T12:52:26.227+05:30  INFO 22540 --- [main] com.zaxxer.hikari.HikariDataSource       : HikariPool-1 - Start completed.
2026-05-13T12:52:26.259+05:30  WARN 22540 --- [main] org.hibernate.orm.deprecation            : HHH90000025: PostgreSQLDialect does not need to be specified explicitly using 'hibernate.dialect' (remove the property setting and it will be selected by default)
2026-05-13T12:52:27.337+05:30  INFO 22540 --- [main] o.h.e.t.j.p.i.JtaPlatformInitiator       : HHH000489: No JTA platform available (set 'hibernate.transaction.jta.platform' to enable JTA platform integration)
2026-05-13T12:52:27.393+05:30  INFO 22540 --- [main] j.LocalContainerEntityManagerFactoryBean : Initialized JPA EntityManagerFactory for persistence unit 'default'
2026-05-13T12:52:27.865+05:30  INFO 22540 --- [main] o.s.d.j.r.query.QueryEnhancerFactory     : Hibernate is in classpath; If applicable, HQL parser will be used.
2026-05-13T12:52:28.494+05:30  INFO 22540 --- [main] com.mphasis.tfp.batch.config.JobConfig   : Configuring batch step with chunk size: 100 and skip limit: 10
2026-05-13T12:52:28.681+05:30  WARN 22540 --- [main] JpaBaseConfiguration$JpaWebConfiguration : spring.jpa.open-in-view is enabled by default. Therefore, database queries may be performed during view rendering. Explicitly configure spring.jpa.open-in-view to disable this warning
2026-05-13T12:52:29.357+05:30  INFO 22540 --- [main] o.s.b.a.e.web.EndpointLinksResolver      : Exposing 1 endpoint(s) beneath base path '/actuator'
2026-05-13T12:52:29.477+05:30  INFO 22540 --- [main] o.s.b.w.embedded.tomcat.TomcatWebServer  : Tomcat started on port(s): 8080 (http) with context path ''
2026-05-13T12:52:29.496+05:30  INFO 22540 --- [main] rocessingandmanagementserviceApplication : Started TradefileprocessingandmanagementserviceApplication in 7.214 seconds (process running for 7.761)
2026-05-13T12:52:45.211+05:30  INFO 22540 --- [http-nio-8080-exec-1] o.a.c.c.C.[Tomcat].[localhost].[/]       : Initializing Spring DispatcherServlet 'dispatcherServlet'
2026-05-13T12:52:45.211+05:30  INFO 22540 --- [http-nio-8080-exec-1] o.s.web.servlet.DispatcherServlet        : Initializing Servlet 'dispatcherServlet'
2026-05-13T12:52:45.211+05:30  INFO 22540 --- [http-nio-8080-exec-1] o.s.web.servlet.DispatcherServlet        : Completed initialization in 0 ms
2026-05-13T12:52:46.373+05:30  INFO 22540 --- [http-nio-8080-exec-4] o.springdoc.api.AbstractOpenApiResource  : Init duration for springdoc-openapi is: 810 ms
2026-05-13T12:53:43.899+05:30  INFO 22540 --- [http-nio-8080-exec-5] c.m.t.c.AuthenticationControllerImpl     : API: Login request for username: sush987
2026-05-13T12:53:43.899+05:30  INFO 22540 --- [http-nio-8080-exec-5] c.m.tfp.servicesimpl.UserServiceImpl     : Login request received for username: sush987
2026-05-13T12:53:43.981+05:30 DEBUG 22540 --- [http-nio-8080-exec-5] org.hibernate.SQL                        : 
    select
        u1_0.id,
        u1_0.email,
        u1_0.first_name,
        u1_0.last_name,
        u1_0.password,
        u1_0.username 
    from
        users u1_0 
    where
        u1_0.username=?
2026-05-13T12:53:44.000+05:30  INFO 22540 --- [http-nio-8080-exec-5] c.m.tfp.servicesimpl.UserServiceImpl     : User logged in successfully: sush987
2026-05-13T12:53:44.000+05:30  INFO 22540 --- [http-nio-8080-exec-5] c.m.t.c.AuthenticationControllerImpl     : Session created for user: sush987
2026-05-13T12:53:57.092+05:30  INFO 22540 --- [http-nio-8080-exec-7] c.m.t.c.AuthenticationControllerImpl     : API: Login request for username: sush986
2026-05-13T12:53:57.093+05:30  INFO 22540 --- [http-nio-8080-exec-7] c.m.tfp.servicesimpl.UserServiceImpl     : Login request received for username: sush986
2026-05-13T12:53:57.094+05:30 DEBUG 22540 --- [http-nio-8080-exec-7] org.hibernate.SQL                        : 
    select
        u1_0.id,
        u1_0.email,
        u1_0.first_name,
        u1_0.last_name,
        u1_0.password,
        u1_0.username 
    from
        users u1_0 
    where
        u1_0.username=?
2026-05-13T12:53:57.099+05:30 ERROR 22540 --- [http-nio-8080-exec-7] c.m.tfp.servicesimpl.UserServiceImpl     : User not found: sush986
2026-05-13T12:53:57.101+05:30 ERROR 22540 --- [http-nio-8080-exec-7] c.m.t.exception.GlobalExceptionHandler   : File not found exception: Invalid username or password. | Path: /auth/login
2026-05-13T12:55:24.201+05:30  INFO 22540 --- [SpringApplicationShutdownHook] j.LocalContainerEntityManagerFactoryBean : Closing JPA EntityManagerFactory for persistence unit 'default'
2026-05-13T12:55:24.201+05:30  INFO 22540 --- [SpringApplicationShutdownHook] com.zaxxer.hikari.HikariDataSource       : HikariPool-1 - Shutdown initiated...
2026-05-13T12:55:24.225+05:30  INFO 22540 --- [SpringApplicationShutdownHook] com.zaxxer.hikari.HikariDataSource       : HikariPool-1 - Shutdown completed.
2026-05-13T13:14:44.210+05:30  INFO 7628 --- [main] rocessingandmanagementserviceApplication : Starting TradefileprocessingandmanagementserviceApplication using Java 17.0.15 with PID 7628 (C:\Users\sushanth.hp\Downloads\tradefileprocessingandmanagementservice\tradefileprocessing\api-module\target\classes started by sushanth.hp in C:\Users\sushanth.hp\Downloads\tradefileprocessingandmanagementservice\tradefileprocessing)
2026-05-13T13:14:44.210+05:30  INFO 7628 --- [main] rocessingandmanagementserviceApplication : No active profile set, falling back to 1 default profile: "default"
2026-05-13T13:14:46.564+05:30  INFO 7628 --- [main] .s.d.r.c.RepositoryConfigurationDelegate : Bootstrapping Spring Data JPA repositories in DEFAULT mode.
2026-05-13T13:14:46.708+05:30  INFO 7628 --- [main] .s.d.r.c.RepositoryConfigurationDelegate : Finished Spring Data repository scanning in 132 ms. Found 5 JPA repository interfaces.
2026-05-13T13:14:47.805+05:30  INFO 7628 --- [main] o.s.b.w.embedded.tomcat.TomcatWebServer  : Tomcat initialized with port(s): 8080 (http)
2026-05-13T13:14:47.817+05:30  INFO 7628 --- [main] o.apache.catalina.core.StandardService   : Starting service [Tomcat]
2026-05-13T13:14:47.817+05:30  INFO 7628 --- [main] o.apache.catalina.core.StandardEngine    : Starting Servlet engine: [Apache Tomcat/10.1.15]
2026-05-13T13:14:48.061+05:30  INFO 7628 --- [main] o.a.c.c.C.[Tomcat].[localhost].[/]       : Initializing Spring embedded WebApplicationContext
2026-05-13T13:14:48.061+05:30  INFO 7628 --- [main] w.s.c.ServletWebServerApplicationContext : Root WebApplicationContext: initialization completed in 3728 ms
2026-05-13T13:14:48.507+05:30  INFO 7628 --- [main] o.hibernate.jpa.internal.util.LogHelper  : HHH000204: Processing PersistenceUnitInfo [name: default]
2026-05-13T13:14:48.619+05:30  INFO 7628 --- [main] org.hibernate.Version                    : HHH000412: Hibernate ORM core version 6.2.13.Final
2026-05-13T13:14:48.628+05:30  INFO 7628 --- [main] org.hibernate.cfg.Environment            : HHH000406: Using bytecode reflection optimizer
2026-05-13T13:14:49.254+05:30  INFO 7628 --- [main] o.s.o.j.p.SpringPersistenceUnitInfo      : No LoadTimeWeaver setup: ignoring JPA class transformer
2026-05-13T13:14:49.307+05:30  INFO 7628 --- [main] com.zaxxer.hikari.HikariDataSource       : HikariPool-1 - Starting...
2026-05-13T13:14:49.697+05:30  INFO 7628 --- [main] com.zaxxer.hikari.pool.HikariPool        : HikariPool-1 - Added connection org.postgresql.jdbc.PgConnection@580ffea
2026-05-13T13:14:49.701+05:30  INFO 7628 --- [main] com.zaxxer.hikari.HikariDataSource       : HikariPool-1 - Start completed.
2026-05-13T13:14:49.745+05:30  WARN 7628 --- [main] org.hibernate.orm.deprecation            : HHH90000025: PostgreSQLDialect does not need to be specified explicitly using 'hibernate.dialect' (remove the property setting and it will be selected by default)
2026-05-13T13:14:51.253+05:30  INFO 7628 --- [main] o.h.e.t.j.p.i.JtaPlatformInitiator       : HHH000489: No JTA platform available (set 'hibernate.transaction.jta.platform' to enable JTA platform integration)
2026-05-13T13:14:51.310+05:30  INFO 7628 --- [main] j.LocalContainerEntityManagerFactoryBean : Initialized JPA EntityManagerFactory for persistence unit 'default'
2026-05-13T13:14:51.988+05:30  INFO 7628 --- [main] o.s.d.j.r.query.QueryEnhancerFactory     : Hibernate is in classpath; If applicable, HQL parser will be used.
2026-05-13T13:14:53.004+05:30  INFO 7628 --- [main] com.mphasis.tfp.batch.config.JobConfig   : Configuring batch step with chunk size: 100 and skip limit: 10
2026-05-13T13:14:53.294+05:30  WARN 7628 --- [main] JpaBaseConfiguration$JpaWebConfiguration : spring.jpa.open-in-view is enabled by default. Therefore, database queries may be performed during view rendering. Explicitly configure spring.jpa.open-in-view to disable this warning
2026-05-13T13:14:54.058+05:30  INFO 7628 --- [main] o.s.b.a.e.web.EndpointLinksResolver      : Exposing 1 endpoint(s) beneath base path '/actuator'
2026-05-13T13:14:54.198+05:30  INFO 7628 --- [main] o.s.b.w.embedded.tomcat.TomcatWebServer  : Tomcat started on port(s): 8080 (http) with context path ''
2026-05-13T13:14:54.216+05:30  INFO 7628 --- [main] rocessingandmanagementserviceApplication : Started TradefileprocessingandmanagementserviceApplication in 10.944 seconds (process running for 11.778)
2026-05-13T13:15:34.880+05:30  INFO 7628 --- [http-nio-8080-exec-1] o.a.c.c.C.[Tomcat].[localhost].[/]       : Initializing Spring DispatcherServlet 'dispatcherServlet'
2026-05-13T13:15:34.880+05:30  INFO 7628 --- [http-nio-8080-exec-1] o.s.web.servlet.DispatcherServlet        : Initializing Servlet 'dispatcherServlet'
2026-05-13T13:15:34.880+05:30  INFO 7628 --- [http-nio-8080-exec-1] o.s.web.servlet.DispatcherServlet        : Completed initialization in 0 ms
2026-05-13T13:15:35.389+05:30  WARN 7628 --- [http-nio-8080-exec-1] o.a.c.util.SessionIdGeneratorBase        : Creation of SecureRandom instance for session ID generation using [SHA1PRNG] took [174] milliseconds.
2026-05-13T13:15:35.405+05:30  INFO 7628 --- [http-nio-8080-exec-1] c.m.t.c.AuthenticationControllerImpl     : API: Login request for username: sush987
2026-05-13T13:15:35.405+05:30  INFO 7628 --- [http-nio-8080-exec-1] c.m.tfp.servicesimpl.UserServiceImpl     : Login request received for username: sush987
2026-05-13T13:15:35.669+05:30 DEBUG 7628 --- [http-nio-8080-exec-1] org.hibernate.SQL                        : 
    select
        u1_0.id,
        u1_0.email,
        u1_0.first_name,
        u1_0.last_name,
        u1_0.password,
        u1_0.username 
    from
        users u1_0 
    where
        u1_0.username=?
2026-05-13T13:15:35.724+05:30  INFO 7628 --- [http-nio-8080-exec-1] c.m.tfp.servicesimpl.UserServiceImpl     : User logged in successfully: sush987
2026-05-13T13:15:35.727+05:30  INFO 7628 --- [http-nio-8080-exec-1] c.m.t.c.AuthenticationControllerImpl     : Session created for user: sush987
2026-05-13T13:20:13.641+05:30  INFO 7628 --- [SpringApplicationShutdownHook] j.LocalContainerEntityManagerFactoryBean : Closing JPA EntityManagerFactory for persistence unit 'default'
2026-05-13T13:20:13.641+05:30  INFO 7628 --- [SpringApplicationShutdownHook] com.zaxxer.hikari.HikariDataSource       : HikariPool-1 - Shutdown initiated...
2026-05-13T13:20:13.661+05:30  INFO 7628 --- [SpringApplicationShutdownHook] com.zaxxer.hikari.HikariDataSource       : HikariPool-1 - Shutdown completed.
2026-05-13T16:08:13.106+05:30  INFO 9920 --- [main] rocessingandmanagementserviceApplication : Starting TradefileprocessingandmanagementserviceApplication using Java 17.0.15 with PID 9920 (C:\Users\sushanth.hp\Downloads\tradefileprocessingandmanagementservice\tradefileprocessing\api-module\target\classes started by sushanth.hp in C:\Users\sushanth.hp\Downloads\tradefileprocessingandmanagementservice\tradefileprocessing)
2026-05-13T16:08:13.109+05:30  INFO 9920 --- [main] rocessingandmanagementserviceApplication : No active profile set, falling back to 1 default profile: "default"
2026-05-13T16:08:14.528+05:30  INFO 9920 --- [main] .s.d.r.c.RepositoryConfigurationDelegate : Bootstrapping Spring Data JPA repositories in DEFAULT mode.
2026-05-13T16:08:14.633+05:30  INFO 9920 --- [main] .s.d.r.c.RepositoryConfigurationDelegate : Finished Spring Data repository scanning in 93 ms. Found 5 JPA repository interfaces.
2026-05-13T16:08:15.388+05:30  INFO 9920 --- [main] o.s.b.w.embedded.tomcat.TomcatWebServer  : Tomcat initialized with port(s): 8080 (http)
2026-05-13T16:08:15.399+05:30  INFO 9920 --- [main] o.apache.catalina.core.StandardService   : Starting service [Tomcat]
2026-05-13T16:08:15.400+05:30  INFO 9920 --- [main] o.apache.catalina.core.StandardEngine    : Starting Servlet engine: [Apache Tomcat/10.1.15]
2026-05-13T16:08:15.547+05:30  INFO 9920 --- [main] o.a.c.c.C.[Tomcat].[localhost].[/]       : Initializing Spring embedded WebApplicationContext
2026-05-13T16:08:15.547+05:30  INFO 9920 --- [main] w.s.c.ServletWebServerApplicationContext : Root WebApplicationContext: initialization completed in 2372 ms
2026-05-13T16:08:15.864+05:30  INFO 9920 --- [main] o.hibernate.jpa.internal.util.LogHelper  : HHH000204: Processing PersistenceUnitInfo [name: default]
2026-05-13T16:08:15.942+05:30  INFO 9920 --- [main] org.hibernate.Version                    : HHH000412: Hibernate ORM core version 6.2.13.Final
2026-05-13T16:08:15.945+05:30  INFO 9920 --- [main] org.hibernate.cfg.Environment            : HHH000406: Using bytecode reflection optimizer
2026-05-13T16:08:16.330+05:30  INFO 9920 --- [main] o.s.o.j.p.SpringPersistenceUnitInfo      : No LoadTimeWeaver setup: ignoring JPA class transformer
2026-05-13T16:08:16.364+05:30  INFO 9920 --- [main] com.zaxxer.hikari.HikariDataSource       : HikariPool-1 - Starting...
2026-05-13T16:08:16.617+05:30  INFO 9920 --- [main] com.zaxxer.hikari.pool.HikariPool        : HikariPool-1 - Added connection org.postgresql.jdbc.PgConnection@6c2883b1
2026-05-13T16:08:16.619+05:30  INFO 9920 --- [main] com.zaxxer.hikari.HikariDataSource       : HikariPool-1 - Start completed.
2026-05-13T16:08:16.655+05:30  WARN 9920 --- [main] org.hibernate.orm.deprecation            : HHH90000025: PostgreSQLDialect does not need to be specified explicitly using 'hibernate.dialect' (remove the property setting and it will be selected by default)
2026-05-13T16:08:17.874+05:30  INFO 9920 --- [main] o.h.e.t.j.p.i.JtaPlatformInitiator       : HHH000489: No JTA platform available (set 'hibernate.transaction.jta.platform' to enable JTA platform integration)
2026-05-13T16:08:17.919+05:30  INFO 9920 --- [main] j.LocalContainerEntityManagerFactoryBean : Initialized JPA EntityManagerFactory for persistence unit 'default'
2026-05-13T16:08:18.370+05:30  INFO 9920 --- [main] o.s.d.j.r.query.QueryEnhancerFactory     : Hibernate is in classpath; If applicable, HQL parser will be used.
2026-05-13T16:08:18.983+05:30  INFO 9920 --- [main] com.mphasis.tfp.batch.config.JobConfig   : Configuring batch step with chunk size: 100 and skip limit: 10
2026-05-13T16:08:19.168+05:30  WARN 9920 --- [main] JpaBaseConfiguration$JpaWebConfiguration : spring.jpa.open-in-view is enabled by default. Therefore, database queries may be performed during view rendering. Explicitly configure spring.jpa.open-in-view to disable this warning
2026-05-13T16:08:19.908+05:30  INFO 9920 --- [main] o.s.b.a.e.web.EndpointLinksResolver      : Exposing 1 endpoint(s) beneath base path '/actuator'
2026-05-13T16:08:20.035+05:30  INFO 9920 --- [main] o.s.b.w.embedded.tomcat.TomcatWebServer  : Tomcat started on port(s): 8080 (http) with context path ''
2026-05-13T16:08:20.053+05:30  INFO 9920 --- [main] rocessingandmanagementserviceApplication : Started TradefileprocessingandmanagementserviceApplication in 7.533 seconds (process running for 8.15)
2026-05-13T16:08:49.997+05:30  INFO 9920 --- [http-nio-8080-exec-1] o.a.c.c.C.[Tomcat].[localhost].[/]       : Initializing Spring DispatcherServlet 'dispatcherServlet'
2026-05-13T16:08:49.998+05:30  INFO 9920 --- [http-nio-8080-exec-1] o.s.web.servlet.DispatcherServlet        : Initializing Servlet 'dispatcherServlet'
2026-05-13T16:08:50.001+05:30  INFO 9920 --- [http-nio-8080-exec-1] o.s.web.servlet.DispatcherServlet        : Completed initialization in 3 ms
2026-05-13T16:08:51.296+05:30  INFO 9920 --- [http-nio-8080-exec-3] o.springdoc.api.AbstractOpenApiResource  : Init duration for springdoc-openapi is: 696 ms
2026-05-13T16:10:53.798+05:30  INFO 9920 --- [http-nio-8080-exec-6] c.m.t.c.AuthenticationControllerImpl     : API: Register request for username: sush987
2026-05-13T16:10:53.798+05:30  INFO 9920 --- [http-nio-8080-exec-6] c.m.tfp.servicesimpl.UserServiceImpl     : Register request received for username: sush987
2026-05-13T16:10:53.878+05:30 DEBUG 9920 --- [http-nio-8080-exec-6] org.hibernate.SQL                        : 
    select
        u1_0.id 
    from
        users u1_0 
    where
        u1_0.username=? 
    fetch
        first ? rows only
2026-05-13T16:10:53.878+05:30 DEBUG 9920 --- [http-nio-8080-exec-6] org.hibernate.SQL                        : 
    select
        u1_0.id 
    from
        users u1_0 
    where
        u1_0.email=? 
    fetch
        first ? rows only
2026-05-13T16:10:53.979+05:30 DEBUG 9920 --- [http-nio-8080-exec-6] org.hibernate.SQL                        : 
    insert 
    into
        users
        (email,first_name,last_name,password,username) 
    values
        (?,?,?,?,?)
2026-05-13T16:10:54.012+05:30  INFO 9920 --- [http-nio-8080-exec-6] c.m.tfp.servicesimpl.UserServiceImpl     : User registered successfully: sush987
2026-05-13T16:11:38.933+05:30  INFO 9920 --- [http-nio-8080-exec-7] c.m.t.c.AuthenticationControllerImpl     : API: Login request for username: sush987
2026-05-13T16:11:38.934+05:30  INFO 9920 --- [http-nio-8080-exec-7] c.m.tfp.servicesimpl.UserServiceImpl     : Login request received for username: sush987
2026-05-13T16:11:38.943+05:30 DEBUG 9920 --- [http-nio-8080-exec-7] org.hibernate.SQL                        : 
    select
        u1_0.id,
        u1_0.email,
        u1_0.first_name,
        u1_0.last_name,
        u1_0.password,
        u1_0.username 
    from
        users u1_0 
    where
        u1_0.username=?
2026-05-13T16:11:39.034+05:30  INFO 9920 --- [http-nio-8080-exec-7] c.m.tfp.servicesimpl.UserServiceImpl     : JWT token generated for user: sush987
2026-05-13T16:13:16.402+05:30  INFO 9920 --- [SpringApplicationShutdownHook] j.LocalContainerEntityManagerFactoryBean : Closing JPA EntityManagerFactory for persistence unit 'default'
2026-05-13T16:13:16.406+05:30  INFO 9920 --- [SpringApplicationShutdownHook] com.zaxxer.hikari.HikariDataSource       : HikariPool-1 - Shutdown initiated...
2026-05-13T16:13:16.411+05:30  INFO 9920 --- [SpringApplicationShutdownHook] com.zaxxer.hikari.HikariDataSource       : HikariPool-1 - Shutdown completed.
2026-05-13T16:14:08.309+05:30  INFO 24500 --- [main] rocessingandmanagementserviceApplication : Starting TradefileprocessingandmanagementserviceApplication using Java 17.0.15 with PID 24500 (C:\Users\sushanth.hp\Downloads\tradefileprocessingandmanagementservice\tradefileprocessing\api-module\target\classes started by sushanth.hp in C:\Users\sushanth.hp\Downloads\tradefileprocessingandmanagementservice\tradefileprocessing)
2026-05-13T16:14:08.313+05:30  INFO 24500 --- [main] rocessingandmanagementserviceApplication : No active profile set, falling back to 1 default profile: "default"
2026-05-13T16:14:10.100+05:30  INFO 24500 --- [main] .s.d.r.c.RepositoryConfigurationDelegate : Bootstrapping Spring Data JPA repositories in DEFAULT mode.
2026-05-13T16:14:10.218+05:30  INFO 24500 --- [main] .s.d.r.c.RepositoryConfigurationDelegate : Finished Spring Data repository scanning in 105 ms. Found 5 JPA repository interfaces.
2026-05-13T16:14:11.084+05:30  INFO 24500 --- [main] o.s.b.w.embedded.tomcat.TomcatWebServer  : Tomcat initialized with port(s): 8080 (http)
2026-05-13T16:14:11.101+05:30  INFO 24500 --- [main] o.apache.catalina.core.StandardService   : Starting service [Tomcat]
2026-05-13T16:14:11.101+05:30  INFO 24500 --- [main] o.apache.catalina.core.StandardEngine    : Starting Servlet engine: [Apache Tomcat/10.1.15]
2026-05-13T16:14:11.311+05:30  INFO 24500 --- [main] o.a.c.c.C.[Tomcat].[localhost].[/]       : Initializing Spring embedded WebApplicationContext
2026-05-13T16:14:11.311+05:30  INFO 24500 --- [main] w.s.c.ServletWebServerApplicationContext : Root WebApplicationContext: initialization completed in 2926 ms
2026-05-13T16:14:11.742+05:30  INFO 24500 --- [main] o.hibernate.jpa.internal.util.LogHelper  : HHH000204: Processing PersistenceUnitInfo [name: default]
2026-05-13T16:14:11.857+05:30  INFO 24500 --- [main] org.hibernate.Version                    : HHH000412: Hibernate ORM core version 6.2.13.Final
2026-05-13T16:14:11.860+05:30  INFO 24500 --- [main] org.hibernate.cfg.Environment            : HHH000406: Using bytecode reflection optimizer
2026-05-13T16:14:12.404+05:30  INFO 24500 --- [main] o.s.o.j.p.SpringPersistenceUnitInfo      : No LoadTimeWeaver setup: ignoring JPA class transformer
2026-05-13T16:14:12.455+05:30  INFO 24500 --- [main] com.zaxxer.hikari.HikariDataSource       : HikariPool-1 - Starting...
2026-05-13T16:14:12.774+05:30  INFO 24500 --- [main] com.zaxxer.hikari.pool.HikariPool        : HikariPool-1 - Added connection org.postgresql.jdbc.PgConnection@2d47b06
2026-05-13T16:14:12.777+05:30  INFO 24500 --- [main] com.zaxxer.hikari.HikariDataSource       : HikariPool-1 - Start completed.
2026-05-13T16:14:12.824+05:30  WARN 24500 --- [main] org.hibernate.orm.deprecation            : HHH90000025: PostgreSQLDialect does not need to be specified explicitly using 'hibernate.dialect' (remove the property setting and it will be selected by default)
2026-05-13T16:14:14.351+05:30  INFO 24500 --- [main] o.h.e.t.j.p.i.JtaPlatformInitiator       : HHH000489: No JTA platform available (set 'hibernate.transaction.jta.platform' to enable JTA platform integration)
2026-05-13T16:14:14.407+05:30  INFO 24500 --- [main] j.LocalContainerEntityManagerFactoryBean : Initialized JPA EntityManagerFactory for persistence unit 'default'
2026-05-13T16:14:14.935+05:30  INFO 24500 --- [main] o.s.d.j.r.query.QueryEnhancerFactory     : Hibernate is in classpath; If applicable, HQL parser will be used.
2026-05-13T16:14:15.708+05:30  INFO 24500 --- [main] com.mphasis.tfp.batch.config.JobConfig   : Configuring batch step with chunk size: 100 and skip limit: 10
2026-05-13T16:14:15.966+05:30  WARN 24500 --- [main] JpaBaseConfiguration$JpaWebConfiguration : spring.jpa.open-in-view is enabled by default. Therefore, database queries may be performed during view rendering. Explicitly configure spring.jpa.open-in-view to disable this warning
2026-05-13T16:14:16.735+05:30  INFO 24500 --- [main] o.s.b.a.e.web.EndpointLinksResolver      : Exposing 1 endpoint(s) beneath base path '/actuator'
2026-05-13T16:14:16.910+05:30  INFO 24500 --- [main] o.s.b.w.embedded.tomcat.TomcatWebServer  : Tomcat started on port(s): 8080 (http) with context path ''
2026-05-13T16:14:16.928+05:30  INFO 24500 --- [main] rocessingandmanagementserviceApplication : Started TradefileprocessingandmanagementserviceApplication in 9.222 seconds (process running for 9.834)
2026-05-13T16:14:21.458+05:30  INFO 24500 --- [http-nio-8080-exec-1] o.a.c.c.C.[Tomcat].[localhost].[/]       : Initializing Spring DispatcherServlet 'dispatcherServlet'
2026-05-13T16:14:21.458+05:30  INFO 24500 --- [http-nio-8080-exec-1] o.s.web.servlet.DispatcherServlet        : Initializing Servlet 'dispatcherServlet'
2026-05-13T16:14:21.458+05:30  INFO 24500 --- [http-nio-8080-exec-1] o.s.web.servlet.DispatcherServlet        : Completed initialization in 0 ms
2026-05-13T16:14:22.762+05:30  INFO 24500 --- [http-nio-8080-exec-4] o.springdoc.api.AbstractOpenApiResource  : Init duration for springdoc-openapi is: 928 ms
2026-05-13T16:14:50.496+05:30  WARN 24500 --- [http-nio-8080-exec-5] c.m.tfp.config.WebConfig$JwtInterceptor  : Missing or invalid Authorization header for: /Files/upload
2026-05-13T16:15:04.415+05:30  INFO 24500 --- [SpringApplicationShutdownHook] j.LocalContainerEntityManagerFactoryBean : Closing JPA EntityManagerFactory for persistence unit 'default'
2026-05-13T16:15:04.419+05:30  INFO 24500 --- [SpringApplicationShutdownHook] com.zaxxer.hikari.HikariDataSource       : HikariPool-1 - Shutdown initiated...
2026-05-13T16:15:04.425+05:30  INFO 24500 --- [SpringApplicationShutdownHook] com.zaxxer.hikari.HikariDataSource       : HikariPool-1 - Shutdown completed.
2026-05-13T16:53:10.865+05:30  INFO 4116 --- [main] rocessingandmanagementserviceApplication : Starting TradefileprocessingandmanagementserviceApplication using Java 17.0.15 with PID 4116 (C:\Users\sushanth.hp\Downloads\tradefileprocessingandmanagementservice\tradefileprocessing\api-module\target\classes started by sushanth.hp in C:\Users\sushanth.hp\Downloads\tradefileprocessingandmanagementservice\tradefileprocessing)
2026-05-13T16:53:10.870+05:30  INFO 4116 --- [main] rocessingandmanagementserviceApplication : No active profile set, falling back to 1 default profile: "default"
2026-05-13T16:53:13.621+05:30  INFO 4116 --- [main] .s.d.r.c.RepositoryConfigurationDelegate : Bootstrapping Spring Data JPA repositories in DEFAULT mode.
2026-05-13T16:53:13.737+05:30  INFO 4116 --- [main] .s.d.r.c.RepositoryConfigurationDelegate : Finished Spring Data repository scanning in 99 ms. Found 5 JPA repository interfaces.
2026-05-13T16:53:14.947+05:30  INFO 4116 --- [main] o.s.b.w.embedded.tomcat.TomcatWebServer  : Tomcat initialized with port(s): 8080 (http)
2026-05-13T16:53:14.956+05:30  INFO 4116 --- [main] o.apache.catalina.core.StandardService   : Starting service [Tomcat]
2026-05-13T16:53:14.956+05:30  INFO 4116 --- [main] o.apache.catalina.core.StandardEngine    : Starting Servlet engine: [Apache Tomcat/10.1.15]
2026-05-13T16:53:15.221+05:30  INFO 4116 --- [main] o.a.c.c.C.[Tomcat].[localhost].[/]       : Initializing Spring embedded WebApplicationContext
2026-05-13T16:53:15.222+05:30  INFO 4116 --- [main] w.s.c.ServletWebServerApplicationContext : Root WebApplicationContext: initialization completed in 4220 ms
2026-05-13T16:53:15.682+05:30  INFO 4116 --- [main] o.hibernate.jpa.internal.util.LogHelper  : HHH000204: Processing PersistenceUnitInfo [name: default]
2026-05-13T16:53:15.789+05:30  INFO 4116 --- [main] org.hibernate.Version                    : HHH000412: Hibernate ORM core version 6.2.13.Final
2026-05-13T16:53:15.795+05:30  INFO 4116 --- [main] org.hibernate.cfg.Environment            : HHH000406: Using bytecode reflection optimizer
2026-05-13T16:53:16.299+05:30  INFO 4116 --- [main] o.s.o.j.p.SpringPersistenceUnitInfo      : No LoadTimeWeaver setup: ignoring JPA class transformer
2026-05-13T16:53:16.355+05:30  INFO 4116 --- [main] com.zaxxer.hikari.HikariDataSource       : HikariPool-1 - Starting...
2026-05-13T16:53:16.691+05:30  INFO 4116 --- [main] com.zaxxer.hikari.pool.HikariPool        : HikariPool-1 - Added connection org.postgresql.jdbc.PgConnection@6c2883b1
2026-05-13T16:53:16.695+05:30  INFO 4116 --- [main] com.zaxxer.hikari.HikariDataSource       : HikariPool-1 - Start completed.
2026-05-13T16:53:16.743+05:30  WARN 4116 --- [main] org.hibernate.orm.deprecation            : HHH90000025: PostgreSQLDialect does not need to be specified explicitly using 'hibernate.dialect' (remove the property setting and it will be selected by default)
2026-05-13T16:53:18.008+05:30  INFO 4116 --- [main] o.h.e.t.j.p.i.JtaPlatformInitiator       : HHH000489: No JTA platform available (set 'hibernate.transaction.jta.platform' to enable JTA platform integration)
2026-05-13T16:53:18.073+05:30  INFO 4116 --- [main] j.LocalContainerEntityManagerFactoryBean : Initialized JPA EntityManagerFactory for persistence unit 'default'
2026-05-13T16:53:18.598+05:30  INFO 4116 --- [main] o.s.d.j.r.query.QueryEnhancerFactory     : Hibernate is in classpath; If applicable, HQL parser will be used.
2026-05-13T16:53:19.413+05:30  INFO 4116 --- [main] com.mphasis.tfp.batch.config.JobConfig   : Configuring batch step with chunk size: 100 and skip limit: 10
2026-05-13T16:53:19.674+05:30  WARN 4116 --- [main] JpaBaseConfiguration$JpaWebConfiguration : spring.jpa.open-in-view is enabled by default. Therefore, database queries may be performed during view rendering. Explicitly configure spring.jpa.open-in-view to disable this warning
2026-05-13T16:53:20.404+05:30  INFO 4116 --- [main] o.s.b.a.e.web.EndpointLinksResolver      : Exposing 1 endpoint(s) beneath base path '/actuator'
2026-05-13T16:53:20.520+05:30  INFO 4116 --- [main] o.s.b.w.embedded.tomcat.TomcatWebServer  : Tomcat started on port(s): 8080 (http) with context path ''
2026-05-13T16:53:20.540+05:30  INFO 4116 --- [main] rocessingandmanagementserviceApplication : Started TradefileprocessingandmanagementserviceApplication in 10.421 seconds (process running for 11.14)
2026-05-13T16:53:25.607+05:30  INFO 4116 --- [http-nio-8080-exec-1] o.a.c.c.C.[Tomcat].[localhost].[/]       : Initializing Spring DispatcherServlet 'dispatcherServlet'
2026-05-13T16:53:25.607+05:30  INFO 4116 --- [http-nio-8080-exec-1] o.s.web.servlet.DispatcherServlet        : Initializing Servlet 'dispatcherServlet'
2026-05-13T16:53:25.607+05:30  INFO 4116 --- [http-nio-8080-exec-1] o.s.web.servlet.DispatcherServlet        : Completed initialization in 0 ms
2026-05-13T16:53:26.439+05:30  INFO 4116 --- [http-nio-8080-exec-4] o.springdoc.api.AbstractOpenApiResource  : Init duration for springdoc-openapi is: 604 ms
2026-05-13T16:53:56.446+05:30  INFO 4116 --- [http-nio-8080-exec-5] c.m.t.c.AuthenticationControllerImpl     : API: Login request for username: sush987
2026-05-13T16:53:56.446+05:30  INFO 4116 --- [http-nio-8080-exec-5] c.m.tfp.servicesimpl.UserServiceImpl     : Login request received for username: sush987
2026-05-13T16:53:56.536+05:30 DEBUG 4116 --- [http-nio-8080-exec-5] org.hibernate.SQL                        : 
    select
        u1_0.id,
        u1_0.email,
        u1_0.first_name,
        u1_0.last_name,
        u1_0.password,
        u1_0.username 
    from
        users u1_0 
    where
        u1_0.username=?
2026-05-13T16:53:56.643+05:30  INFO 4116 --- [http-nio-8080-exec-5] c.m.tfp.servicesimpl.UserServiceImpl     : JWT token generated for user: sush987
2026-05-13T16:54:14.353+05:30  WARN 4116 --- [http-nio-8080-exec-6] c.m.tfp.config.WebConfig$JwtInterceptor  : Missing or invalid Authorization header for: /Files/upload
2026-05-13T16:57:55.570+05:30  WARN 4116 --- [http-nio-8080-exec-10] c.m.tfp.config.WebConfig$JwtInterceptor  : Missing or invalid Authorization header for: /Files/upload/BearereyJhbGciOiJIUzM4NCJ9.eyJzdWIiOiJzdXNoOTg3IiwiaWF0IjoxNzc4NjcxNDM2LCJleHAiOjE3Nzg2NzUwMzZ9.pXts5uqiNqg7RdBI6w0rwGDfRMPgmTJuKgL9rZacDL2hIlEtVoV2-JseRbDrIs7t
2026-05-13T16:58:09.643+05:30  INFO 4116 --- [http-nio-8080-exec-2] c.m.t.c.AuthenticationControllerImpl     : API: Login request for username: sush987
2026-05-13T16:58:09.644+05:30  INFO 4116 --- [http-nio-8080-exec-2] c.m.tfp.servicesimpl.UserServiceImpl     : Login request received for username: sush987
2026-05-13T16:58:09.646+05:30 DEBUG 4116 --- [http-nio-8080-exec-2] org.hibernate.SQL                        : 
    select
        u1_0.id,
        u1_0.email,
        u1_0.first_name,
        u1_0.last_name,
        u1_0.password,
        u1_0.username 
    from
        users u1_0 
    where
        u1_0.username=?
2026-05-13T16:58:09.722+05:30  INFO 4116 --- [http-nio-8080-exec-2] c.m.tfp.servicesimpl.UserServiceImpl     : JWT token generated for user: sush987
2026-05-13T16:58:17.734+05:30  WARN 4116 --- [http-nio-8080-exec-3] c.m.tfp.config.WebConfig$JwtInterceptor  : Missing or invalid Authorization header for: /Files/upload/BearereyJhbGciOiJIUzM4NCJ9.eyJzdWIiOiJzdXNoOTg3IiwiaWF0IjoxNzc4NjcxNDM2LCJleHAiOjE3Nzg2NzUwMzZ9.pXts5uqiNqg7RdBI6w0rwGDfRMPgmTJuKgL9rZacDL2hIlEtVoV2-JseRbDrIs7t
2026-05-13T16:58:18.733+05:30  WARN 4116 --- [http-nio-8080-exec-4] c.m.tfp.config.WebConfig$JwtInterceptor  : Missing or invalid Authorization header for: /Files/upload/BearereyJhbGciOiJIUzM4NCJ9.eyJzdWIiOiJzdXNoOTg3IiwiaWF0IjoxNzc4NjcxNDM2LCJleHAiOjE3Nzg2NzUwMzZ9.pXts5uqiNqg7RdBI6w0rwGDfRMPgmTJuKgL9rZacDL2hIlEtVoV2-JseRbDrIs7t
2026-05-13T16:58:22.649+05:30  INFO 4116 --- [http-nio-8080-exec-5] c.m.t.c.AuthenticationControllerImpl     : API: Login request for username: sush987
2026-05-13T16:58:22.650+05:30  INFO 4116 --- [http-nio-8080-exec-5] c.m.tfp.servicesimpl.UserServiceImpl     : Login request received for username: sush987
2026-05-13T16:58:22.654+05:30 DEBUG 4116 --- [http-nio-8080-exec-5] org.hibernate.SQL                        : 
    select
        u1_0.id,
        u1_0.email,
        u1_0.first_name,
        u1_0.last_name,
        u1_0.password,
        u1_0.username 
    from
        users u1_0 
    where
        u1_0.username=?
2026-05-13T16:58:22.801+05:30  INFO 4116 --- [http-nio-8080-exec-5] c.m.tfp.servicesimpl.UserServiceImpl     : JWT token generated for user: sush987
2026-05-13T16:59:03.649+05:30  WARN 4116 --- [http-nio-8080-exec-7] c.m.tfp.config.WebConfig$JwtInterceptor  : Missing or invalid Authorization header for: /Files/upload/BearereyJhbGciOiJIUzM4NCJ9.eyJzdWIiOiJzdXNoOTg3IiwiaWF0IjoxNzc4NjcxNzAyLCJleHAiOjE3Nzg2NzUzMDJ9.2qSbUAGXwse3Ii_PjI1SpZej7M3KYTpkxZh6AGvYtn7Whm8pQ5TSMrpMzFn7HttN
2026-05-13T17:02:34.536+05:30  INFO 4116 --- [SpringApplicationShutdownHook] j.LocalContainerEntityManagerFactoryBean : Closing JPA EntityManagerFactory for persistence unit 'default'
2026-05-13T17:02:34.539+05:30  INFO 4116 --- [SpringApplicationShutdownHook] com.zaxxer.hikari.HikariDataSource       : HikariPool-1 - Shutdown initiated...
2026-05-13T17:02:34.542+05:30  INFO 4116 --- [SpringApplicationShutdownHook] com.zaxxer.hikari.HikariDataSource       : HikariPool-1 - Shutdown completed.
2026-05-13T17:19:56.565+05:30  INFO 21052 --- [main] rocessingandmanagementserviceApplication : Starting TradefileprocessingandmanagementserviceApplication using Java 17.0.15 with PID 21052 (C:\Users\sushanth.hp\Downloads\tradefileprocessingandmanagementservice\tradefileprocessing\api-module\target\classes started by sushanth.hp in C:\Users\sushanth.hp\Downloads\tradefileprocessingandmanagementservice\tradefileprocessing)
2026-05-13T17:19:56.567+05:30  INFO 21052 --- [main] rocessingandmanagementserviceApplication : No active profile set, falling back to 1 default profile: "default"
2026-05-13T17:19:58.145+05:30  INFO 21052 --- [main] .s.d.r.c.RepositoryConfigurationDelegate : Bootstrapping Spring Data JPA repositories in DEFAULT mode.
2026-05-13T17:19:58.273+05:30  INFO 21052 --- [main] .s.d.r.c.RepositoryConfigurationDelegate : Finished Spring Data repository scanning in 113 ms. Found 5 JPA repository interfaces.
2026-05-13T17:19:59.228+05:30  INFO 21052 --- [main] o.s.b.w.embedded.tomcat.TomcatWebServer  : Tomcat initialized with port(s): 8080 (http)
2026-05-13T17:19:59.242+05:30  INFO 21052 --- [main] o.apache.catalina.core.StandardService   : Starting service [Tomcat]
2026-05-13T17:19:59.242+05:30  INFO 21052 --- [main] o.apache.catalina.core.StandardEngine    : Starting Servlet engine: [Apache Tomcat/10.1.15]
2026-05-13T17:19:59.426+05:30  INFO 21052 --- [main] o.a.c.c.C.[Tomcat].[localhost].[/]       : Initializing Spring embedded WebApplicationContext
2026-05-13T17:19:59.426+05:30  INFO 21052 --- [main] w.s.c.ServletWebServerApplicationContext : Root WebApplicationContext: initialization completed in 2793 ms
2026-05-13T17:19:59.834+05:30  INFO 21052 --- [main] o.hibernate.jpa.internal.util.LogHelper  : HHH000204: Processing PersistenceUnitInfo [name: default]
2026-05-13T17:19:59.950+05:30  INFO 21052 --- [main] org.hibernate.Version                    : HHH000412: Hibernate ORM core version 6.2.13.Final
2026-05-13T17:19:59.958+05:30  INFO 21052 --- [main] org.hibernate.cfg.Environment            : HHH000406: Using bytecode reflection optimizer
2026-05-13T17:20:00.474+05:30  INFO 21052 --- [main] o.s.o.j.p.SpringPersistenceUnitInfo      : No LoadTimeWeaver setup: ignoring JPA class transformer
2026-05-13T17:20:00.519+05:30  INFO 21052 --- [main] com.zaxxer.hikari.HikariDataSource       : HikariPool-1 - Starting...
2026-05-13T17:20:00.811+05:30  INFO 21052 --- [main] com.zaxxer.hikari.pool.HikariPool        : HikariPool-1 - Added connection org.postgresql.jdbc.PgConnection@22e813fc
2026-05-13T17:20:00.811+05:30  INFO 21052 --- [main] com.zaxxer.hikari.HikariDataSource       : HikariPool-1 - Start completed.
2026-05-13T17:20:00.858+05:30  WARN 21052 --- [main] org.hibernate.orm.deprecation            : HHH90000025: PostgreSQLDialect does not need to be specified explicitly using 'hibernate.dialect' (remove the property setting and it will be selected by default)
2026-05-13T17:20:02.380+05:30  INFO 21052 --- [main] o.h.e.t.j.p.i.JtaPlatformInitiator       : HHH000489: No JTA platform available (set 'hibernate.transaction.jta.platform' to enable JTA platform integration)
2026-05-13T17:20:02.430+05:30  INFO 21052 --- [main] j.LocalContainerEntityManagerFactoryBean : Initialized JPA EntityManagerFactory for persistence unit 'default'
2026-05-13T17:20:03.015+05:30  INFO 21052 --- [main] o.s.d.j.r.query.QueryEnhancerFactory     : Hibernate is in classpath; If applicable, HQL parser will be used.
2026-05-13T17:20:03.971+05:30  INFO 21052 --- [main] com.mphasis.tfp.batch.config.JobConfig   : Configuring batch step with chunk size: 100 and skip limit: 10
2026-05-13T17:20:04.281+05:30  WARN 21052 --- [main] JpaBaseConfiguration$JpaWebConfiguration : spring.jpa.open-in-view is enabled by default. Therefore, database queries may be performed during view rendering. Explicitly configure spring.jpa.open-in-view to disable this warning
2026-05-13T17:20:06.037+05:30  INFO 21052 --- [main] o.s.b.a.e.web.EndpointLinksResolver      : Exposing 1 endpoint(s) beneath base path '/actuator'
2026-05-13T17:20:06.425+05:30  INFO 21052 --- [main] o.s.b.w.embedded.tomcat.TomcatWebServer  : Tomcat started on port(s): 8080 (http) with context path ''
2026-05-13T17:20:06.472+05:30  INFO 21052 --- [main] rocessingandmanagementserviceApplication : Started TradefileprocessingandmanagementserviceApplication in 10.589 seconds (process running for 11.171)
2026-05-13T17:20:21.718+05:30  INFO 21052 --- [http-nio-8080-exec-1] o.a.c.c.C.[Tomcat].[localhost].[/]       : Initializing Spring DispatcherServlet 'dispatcherServlet'
2026-05-13T17:20:21.720+05:30  INFO 21052 --- [http-nio-8080-exec-1] o.s.web.servlet.DispatcherServlet        : Initializing Servlet 'dispatcherServlet'
2026-05-13T17:20:21.722+05:30  INFO 21052 --- [http-nio-8080-exec-1] o.s.web.servlet.DispatcherServlet        : Completed initialization in 2 ms
2026-05-13T17:20:23.137+05:30  INFO 21052 --- [http-nio-8080-exec-5] o.springdoc.api.AbstractOpenApiResource  : Init duration for springdoc-openapi is: 856 ms
2026-05-13T17:21:18.815+05:30  WARN 21052 --- [http-nio-8080-exec-9] c.m.tfp.config.WebConfig$JwtInterceptor  : Missing or invalid Authorization header for: /Files/status/20
2026-05-13T17:21:50.025+05:30  INFO 21052 --- [SpringApplicationShutdownHook] j.LocalContainerEntityManagerFactoryBean : Closing JPA EntityManagerFactory for persistence unit 'default'
2026-05-13T17:21:50.031+05:30  INFO 21052 --- [SpringApplicationShutdownHook] com.zaxxer.hikari.HikariDataSource       : HikariPool-1 - Shutdown initiated...
2026-05-13T17:21:50.045+05:30  INFO 21052 --- [SpringApplicationShutdownHook] com.zaxxer.hikari.HikariDataSource       : HikariPool-1 - Shutdown completed.
